<?xml version="1.0" encoding="UTF-8"?>
<!-- Generated by org.testng.reporters.JUnitReportReporter -->
<testsuite hostname="Salma" failures="0" tests="2" name="Saucedemo_AddToCartTest" time="24.916" errors="0" timestamp="2024-12-22T15:57:31 GMT+05:45" skipped="0">
  <testcase classname="Saucedemo_AddToCartTest" name="testAddToCart" time="10.281"/>
  <system-out/>
  <testcase classname="Saucedemo_AddToCartTest" name="testCheckout" time="14.635"/>
  <system-out/>
</testsuite> <!-- Saucedemo_AddToCartTest -->
