<?xml version="1.0" encoding="UTF-8"?>
<!-- Generated by org.testng.reporters.JUnitReportReporter -->
<testsuite hostname="Salma" failures="0" tests="2" name="Saucedemo_CartVerificationTest" time="21.704" errors="0" timestamp="2024-12-23T11:40:54 GMT+05:45" skipped="0">
  <testcase classname="Saucedemo_CartVerificationTest" name="testAddToCart" time="7.434"/>
  <system-out/>
  <testcase classname="Saucedemo_CartVerificationTest" name="testCheckout" time="14.270"/>
  <system-out/>
</testsuite> <!-- Saucedemo_CartVerificationTest -->
