<?xml version="1.0" encoding="UTF-8"?>
<!-- Generated by org.testng.reporters.JUnitReportReporter -->
<testsuite hostname="Salma" failures="0" tests="1" name="DemoSauce_LoginTest" time="6.957" errors="0" timestamp="2024-12-23T11:37:55 GMT+05:45" skipped="0">
  <testcase classname="DemoSauce_LoginTest" name="testValidLogin" time="6.957"/>
  <system-out/>
</testsuite> <!-- DemoSauce_LoginTest -->
